<?xml version="1.0" encoding="UTF-8"?>
<!-- Generated by org.testng.reporters.JUnitReportReporter -->
<testsuite skipped="0" hostname="DESKTOP-1ORNR5C" name="TestCases.LoginTest" tests="1" failures="0" timestamp="2021-03-18T11:22:32 IST" time="6.995" errors="0">
  <testcase name="loginASBankManager" time="6.995" classname="TestCases.LoginTest"/>
  <system-out>
Login Succesfully  </system-out>
</testsuite> <!-- TestCases.LoginTest -->
